<?xml version="1.0" encoding="UTF-8"?>
<!-- Generated by org.testng.reporters.JUnitReportReporter -->
<testsuite skipped="0" hostname="Pranay-PC" name="testCase.NewTest" tests="1" failures="0" timestamp="09 Aug 2018 15:52:12 GMT" time="0.038" errors="0">
  <testcase name="f" time="0.038" classname="testCase.NewTest"/>
</testsuite> <!-- testCase.NewTest -->
